2026-01-31 05:36:11.577 +02:00 [ERR] 2026-01-31 05:36:11.573545 ThreadID:1   (ERROR)   OracleDatabaseCreator.ExistsAsync() :  OracleException.Number: 1017
2026-01-31 05:36:14.360 +02:00 [ERR] 2026-01-31 05:36:14.359592 ThreadID:1   (ERROR)   OracleDatabaseCreator.ExistsAsync() :  OracleException.Number: 1017
2026-01-31 05:36:14.365 +02:00 [ERR] 2026-01-31 05:36:14.365288 ThreadID:1   (ERROR)   OracleDatabaseCreator.CreateAsync() :  Required user does not exists or invalid username/password provided
2026-01-31 05:36:14.369 +02:00 [ERR] An error occurred while migrating or seeding the database
System.NotSupportedException: Required user does not exists or invalid username/password provided
   at Oracle.EntityFrameworkCore.Storage.Internal.OracleDatabaseCreator.CreateAsync(CancellationToken cancellationToken)
   at Microsoft.EntityFrameworkCore.Migrations.Internal.Migrator.MigrateAsync(String targetMigration, CancellationToken cancellationToken)
   at Program.<Main>$(String[] args) in C:\Users\kule9\OneDrive\Desktop\HelpdeskSystem\src\HelpdeskSystem.Web\Program.cs:line 119
2026-01-31 05:36:14.450 +02:00 [INF] Helpdesk System starting up...
2026-01-31 05:36:14.692 +02:00 [WRN] The ASP.NET Core developer certificate is not trusted. For information about trusting the ASP.NET Core developer certificate, see https://aka.ms/aspnet/https-trust-dev-cert.
2026-01-31 05:40:32.982 +02:00 [ERR] 2026-01-31 05:40:32.959676 ThreadID:1   (ERROR)   OracleDatabaseCreator.ExistsAsync() :  OracleException.Number: 1017
2026-01-31 05:40:35.795 +02:00 [ERR] 2026-01-31 05:40:35.795709 ThreadID:1   (ERROR)   OracleDatabaseCreator.ExistsAsync() :  OracleException.Number: 1017
2026-01-31 05:40:35.796 +02:00 [ERR] 2026-01-31 05:40:35.796696 ThreadID:1   (ERROR)   OracleDatabaseCreator.CreateAsync() :  Required user does not exists or invalid username/password provided
2026-01-31 05:40:35.797 +02:00 [ERR] An error occurred while migrating or seeding the database
System.NotSupportedException: Required user does not exists or invalid username/password provided
   at Oracle.EntityFrameworkCore.Storage.Internal.OracleDatabaseCreator.CreateAsync(CancellationToken cancellationToken)
   at Microsoft.EntityFrameworkCore.Migrations.Internal.Migrator.MigrateAsync(String targetMigration, CancellationToken cancellationToken)
   at Program.<Main>$(String[] args) in C:\Users\kule9\OneDrive\Desktop\HelpdeskSystem\src\HelpdeskSystem.Web\Program.cs:line 119
2026-01-31 05:40:35.819 +02:00 [INF] Helpdesk System starting up...
2026-01-31 05:40:35.899 +02:00 [WRN] The ASP.NET Core developer certificate is not trusted. For information about trusting the ASP.NET Core developer certificate, see https://aka.ms/aspnet/https-trust-dev-cert.
2026-01-31 05:42:41.904 +02:00 [ERR] 2026-01-31 05:42:41.899935 ThreadID:1   (ERROR)   OracleDatabaseCreator.ExistsAsync() :  OracleException.Number: 1017
2026-01-31 05:42:44.679 +02:00 [ERR] 2026-01-31 05:42:44.679510 ThreadID:1   (ERROR)   OracleDatabaseCreator.ExistsAsync() :  OracleException.Number: 1017
2026-01-31 05:42:44.681 +02:00 [ERR] 2026-01-31 05:42:44.681491 ThreadID:1   (ERROR)   OracleDatabaseCreator.CreateAsync() :  Required user does not exists or invalid username/password provided
2026-01-31 05:42:44.682 +02:00 [ERR] An error occurred while migrating or seeding the database
System.NotSupportedException: Required user does not exists or invalid username/password provided
   at Oracle.EntityFrameworkCore.Storage.Internal.OracleDatabaseCreator.CreateAsync(CancellationToken cancellationToken)
   at Microsoft.EntityFrameworkCore.Migrations.Internal.Migrator.MigrateAsync(String targetMigration, CancellationToken cancellationToken)
   at Program.<Main>$(String[] args) in C:\Users\kule9\OneDrive\Desktop\HelpdeskSystem\src\HelpdeskSystem.Web\Program.cs:line 119
2026-01-31 05:42:44.691 +02:00 [INF] Helpdesk System starting up...
2026-01-31 05:42:44.799 +02:00 [WRN] The ASP.NET Core developer certificate is not trusted. For information about trusting the ASP.NET Core developer certificate, see https://aka.ms/aspnet/https-trust-dev-cert.
2026-01-31 05:44:53.954 +02:00 [ERR] 2026-01-31 05:44:53.950439 ThreadID:1   (ERROR)   OracleDatabaseCreator.ExistsAsync() :  OracleException.Number: 1017
2026-01-31 05:44:55.504 +02:00 [ERR] 2026-01-31 05:44:55.504619 ThreadID:1   (ERROR)   OracleDatabaseCreator.ExistsAsync() :  OracleException.Number: 28000
2026-01-31 05:44:55.505 +02:00 [ERR] An error occurred while migrating or seeding the database
Oracle.ManagedDataAccess.Client.OracleException (0x80004005): ORA-28000: The account is locked.
   at OracleInternal.ConnectionPool.PoolManager`3.Get(ConnectionString csWithDiffOrNewPwd, Boolean bGetForApp, OracleConnection connRefForCriteria, String affinityInstanceName, Boolean bForceMatch)
   at OracleInternal.ConnectionPool.OraclePoolManager.Get(ConnectionString csWithNewPassword, Boolean bGetForApp, OracleConnection connRefForCriteria, String affinityInstanceName, Boolean bForceMatch)
   at OracleInternal.ConnectionPool.OracleConnectionDispenser`3.Get(ConnectionString cs, PM conPM, ConnectionString pmCS, SecureString securedPassword, SecureString securedProxyPassword, OracleConnection connRefForCriteria)
   at Oracle.ManagedDataAccess.Client.OracleConnection.Open()
   at System.Data.Common.DbConnection.OpenAsync(CancellationToken cancellationToken)
--- End of stack trace from previous location ---
   at Microsoft.EntityFrameworkCore.Storage.RelationalConnection.OpenInternalAsync(Boolean errorsExpected, CancellationToken cancellationToken)
   at Microsoft.EntityFrameworkCore.Storage.RelationalConnection.OpenInternalAsync(Boolean errorsExpected, CancellationToken cancellationToken)
   at Microsoft.EntityFrameworkCore.Storage.RelationalConnection.OpenAsync(CancellationToken cancellationToken, Boolean errorsExpected)
   at Oracle.EntityFrameworkCore.Storage.Internal.OracleDatabaseCreator.ExistsAsync(CancellationToken cancellationToken)
   at Microsoft.EntityFrameworkCore.Migrations.Internal.Migrator.MigrateAsync(String targetMigration, CancellationToken cancellationToken)
   at Program.<Main>$(String[] args) in C:\Users\kule9\OneDrive\Desktop\HelpdeskSystem\src\HelpdeskSystem.Web\Program.cs:line 119
2026-01-31 05:44:55.526 +02:00 [INF] Helpdesk System starting up...
2026-01-31 05:44:55.673 +02:00 [WRN] The ASP.NET Core developer certificate is not trusted. For information about trusting the ASP.NET Core developer certificate, see https://aka.ms/aspnet/https-trust-dev-cert.
2026-01-31 05:50:20.792 +02:00 [ERR] 2026-01-31 05:50:20.785933 ThreadID:1   (ERROR)   OracleDatabaseCreator.ExistsAsync() :  OracleException.Number: 28000
2026-01-31 05:50:20.813 +02:00 [ERR] An error occurred while migrating or seeding the database
Oracle.ManagedDataAccess.Client.OracleException (0x80004005): ORA-28000: The account is locked.
   at OracleInternal.ConnectionPool.PoolManager`3.Get(ConnectionString csWithDiffOrNewPwd, Boolean bGetForApp, OracleConnection connRefForCriteria, String affinityInstanceName, Boolean bForceMatch)
   at OracleInternal.ConnectionPool.OraclePoolManager.Get(ConnectionString csWithNewPassword, Boolean bGetForApp, OracleConnection connRefForCriteria, String affinityInstanceName, Boolean bForceMatch)
   at OracleInternal.ConnectionPool.OracleConnectionDispenser`3.Get(ConnectionString cs, PM conPM, ConnectionString pmCS, SecureString securedPassword, SecureString securedProxyPassword, OracleConnection connRefForCriteria)
   at Oracle.ManagedDataAccess.Client.OracleConnection.Open()
   at System.Data.Common.DbConnection.OpenAsync(CancellationToken cancellationToken)
--- End of stack trace from previous location ---
   at Microsoft.EntityFrameworkCore.Storage.RelationalConnection.OpenInternalAsync(Boolean errorsExpected, CancellationToken cancellationToken)
   at Microsoft.EntityFrameworkCore.Storage.RelationalConnection.OpenInternalAsync(Boolean errorsExpected, CancellationToken cancellationToken)
   at Microsoft.EntityFrameworkCore.Storage.RelationalConnection.OpenAsync(CancellationToken cancellationToken, Boolean errorsExpected)
   at Oracle.EntityFrameworkCore.Storage.Internal.OracleDatabaseCreator.ExistsAsync(CancellationToken cancellationToken)
   at Microsoft.EntityFrameworkCore.Migrations.HistoryRepository.ExistsAsync(CancellationToken cancellationToken)
   at Microsoft.EntityFrameworkCore.Migrations.Internal.Migrator.MigrateAsync(String targetMigration, CancellationToken cancellationToken)
   at Program.<Main>$(String[] args) in C:\Users\kule9\OneDrive\Desktop\HelpdeskSystem\src\HelpdeskSystem.Web\Program.cs:line 119
2026-01-31 05:50:20.821 +02:00 [INF] Helpdesk System starting up...
2026-01-31 05:50:20.901 +02:00 [WRN] The ASP.NET Core developer certificate is not trusted. For information about trusting the ASP.NET Core developer certificate, see https://aka.ms/aspnet/https-trust-dev-cert.
2026-01-31 05:52:37.167 +02:00 [ERR] An error occurred using the connection to database '' on server 'db.freesql.com:1521/19c_fy05s'.
2026-01-31 05:52:37.175 +02:00 [ERR] 2026-01-31 05:52:37.175177 ThreadID:9   (ERROR)   OracleExecutionStrategy.ExecuteAsync() :  Oracle.ManagedDataAccess.Client.OracleException (0x80004005): ORA-28000: The account is locked.
   at OracleInternal.ConnectionPool.PoolManager`3.Get(ConnectionString csWithDiffOrNewPwd, Boolean bGetForApp, OracleConnection connRefForCriteria, String affinityInstanceName, Boolean bForceMatch)
   at OracleInternal.ConnectionPool.OraclePoolManager.Get(ConnectionString csWithNewPassword, Boolean bGetForApp, OracleConnection connRefForCriteria, String affinityInstanceName, Boolean bForceMatch)
   at OracleInternal.ConnectionPool.OracleConnectionDispenser`3.Get(ConnectionString cs, PM conPM, ConnectionString pmCS, SecureString securedPassword, SecureString securedProxyPassword, OracleConnection connRefForCriteria)
   at Oracle.ManagedDataAccess.Client.OracleConnection.Open()
   at System.Data.Common.DbConnection.OpenAsync(CancellationToken cancellationToken)
--- End of stack trace from previous location ---
   at Microsoft.EntityFrameworkCore.Storage.RelationalConnection.OpenInternalAsync(Boolean errorsExpected, CancellationToken cancellationToken)
   at Microsoft.EntityFrameworkCore.Storage.RelationalConnection.OpenInternalAsync(Boolean errorsExpected, CancellationToken cancellationToken)
   at Microsoft.EntityFrameworkCore.Storage.RelationalConnection.OpenAsync(CancellationToken cancellationToken, Boolean errorsExpected)
   at Oracle.EntityFrameworkCore.Storage.Internal.OracleRelationalCommandBuilderFactory.OracleRelationalCommandBuilder.OracleRelationalCommand.ExecuteReaderAsync(RelationalCommandParameterObject parameterObject, CancellationToken cancellationToken)
   at Microsoft.EntityFrameworkCore.Query.Internal.SingleQueryingEnumerable`1.AsyncEnumerator.InitializeReaderAsync(AsyncEnumerator enumerator, CancellationToken cancellationToken)
   at Oracle.EntityFrameworkCore.Storage.Internal.OracleExecutionStrategy.ExecuteAsync[TState,TResult](TState state, Func`4 operation, Func`4 verifySucceeded, CancellationToken cancellationToken)
2026-01-31 05:52:37.184 +02:00 [ERR] An exception occurred while iterating over the results of a query for context type 'HelpdeskSystem.Infrastructure.Data.ApplicationDbContext'.
Oracle.ManagedDataAccess.Client.OracleException (0x80004005): ORA-28000: The account is locked.
   at OracleInternal.ConnectionPool.PoolManager`3.Get(ConnectionString csWithDiffOrNewPwd, Boolean bGetForApp, OracleConnection connRefForCriteria, String affinityInstanceName, Boolean bForceMatch)
   at OracleInternal.ConnectionPool.OraclePoolManager.Get(ConnectionString csWithNewPassword, Boolean bGetForApp, OracleConnection connRefForCriteria, String affinityInstanceName, Boolean bForceMatch)
   at OracleInternal.ConnectionPool.OracleConnectionDispenser`3.Get(ConnectionString cs, PM conPM, ConnectionString pmCS, SecureString securedPassword, SecureString securedProxyPassword, OracleConnection connRefForCriteria)
   at Oracle.ManagedDataAccess.Client.OracleConnection.Open()
   at System.Data.Common.DbConnection.OpenAsync(CancellationToken cancellationToken)
--- End of stack trace from previous location ---
   at Microsoft.EntityFrameworkCore.Storage.RelationalConnection.OpenInternalAsync(Boolean errorsExpected, CancellationToken cancellationToken)
   at Microsoft.EntityFrameworkCore.Storage.RelationalConnection.OpenInternalAsync(Boolean errorsExpected, CancellationToken cancellationToken)
   at Microsoft.EntityFrameworkCore.Storage.RelationalConnection.OpenAsync(CancellationToken cancellationToken, Boolean errorsExpected)
   at Oracle.EntityFrameworkCore.Storage.Internal.OracleRelationalCommandBuilderFactory.OracleRelationalCommandBuilder.OracleRelationalCommand.ExecuteReaderAsync(RelationalCommandParameterObject parameterObject, CancellationToken cancellationToken)
   at Microsoft.EntityFrameworkCore.Query.Internal.SingleQueryingEnumerable`1.AsyncEnumerator.InitializeReaderAsync(AsyncEnumerator enumerator, CancellationToken cancellationToken)
   at Oracle.EntityFrameworkCore.Storage.Internal.OracleExecutionStrategy.ExecuteAsync[TState,TResult](TState state, Func`4 operation, Func`4 verifySucceeded, CancellationToken cancellationToken)
   at Microsoft.EntityFrameworkCore.Query.Internal.SingleQueryingEnumerable`1.AsyncEnumerator.MoveNextAsync()
Oracle.ManagedDataAccess.Client.OracleException (0x80004005): ORA-28000: The account is locked.
   at OracleInternal.ConnectionPool.PoolManager`3.Get(ConnectionString csWithDiffOrNewPwd, Boolean bGetForApp, OracleConnection connRefForCriteria, String affinityInstanceName, Boolean bForceMatch)
   at OracleInternal.ConnectionPool.OraclePoolManager.Get(ConnectionString csWithNewPassword, Boolean bGetForApp, OracleConnection connRefForCriteria, String affinityInstanceName, Boolean bForceMatch)
   at OracleInternal.ConnectionPool.OracleConnectionDispenser`3.Get(ConnectionString cs, PM conPM, ConnectionString pmCS, SecureString securedPassword, SecureString securedProxyPassword, OracleConnection connRefForCriteria)
   at Oracle.ManagedDataAccess.Client.OracleConnection.Open()
   at System.Data.Common.DbConnection.OpenAsync(CancellationToken cancellationToken)
--- End of stack trace from previous location ---
   at Microsoft.EntityFrameworkCore.Storage.RelationalConnection.OpenInternalAsync(Boolean errorsExpected, CancellationToken cancellationToken)
   at Microsoft.EntityFrameworkCore.Storage.RelationalConnection.OpenInternalAsync(Boolean errorsExpected, CancellationToken cancellationToken)
   at Microsoft.EntityFrameworkCore.Storage.RelationalConnection.OpenAsync(CancellationToken cancellationToken, Boolean errorsExpected)
   at Oracle.EntityFrameworkCore.Storage.Internal.OracleRelationalCommandBuilderFactory.OracleRelationalCommandBuilder.OracleRelationalCommand.ExecuteReaderAsync(RelationalCommandParameterObject parameterObject, CancellationToken cancellationToken)
   at Microsoft.EntityFrameworkCore.Query.Internal.SingleQueryingEnumerable`1.AsyncEnumerator.InitializeReaderAsync(AsyncEnumerator enumerator, CancellationToken cancellationToken)
   at Oracle.EntityFrameworkCore.Storage.Internal.OracleExecutionStrategy.ExecuteAsync[TState,TResult](TState state, Func`4 operation, Func`4 verifySucceeded, CancellationToken cancellationToken)
   at Microsoft.EntityFrameworkCore.Query.Internal.SingleQueryingEnumerable`1.AsyncEnumerator.MoveNextAsync()
2026-01-31 05:52:37.193 +02:00 [ERR] An unhandled exception has occurred while executing the request.
Oracle.ManagedDataAccess.Client.OracleException (0x80004005): ORA-28000: The account is locked.
   at OracleInternal.ConnectionPool.PoolManager`3.Get(ConnectionString csWithDiffOrNewPwd, Boolean bGetForApp, OracleConnection connRefForCriteria, String affinityInstanceName, Boolean bForceMatch)
   at OracleInternal.ConnectionPool.OraclePoolManager.Get(ConnectionString csWithNewPassword, Boolean bGetForApp, OracleConnection connRefForCriteria, String affinityInstanceName, Boolean bForceMatch)
   at OracleInternal.ConnectionPool.OracleConnectionDispenser`3.Get(ConnectionString cs, PM conPM, ConnectionString pmCS, SecureString securedPassword, SecureString securedProxyPassword, OracleConnection connRefForCriteria)
   at Oracle.ManagedDataAccess.Client.OracleConnection.Open()
   at System.Data.Common.DbConnection.OpenAsync(CancellationToken cancellationToken)
--- End of stack trace from previous location ---
   at Microsoft.EntityFrameworkCore.Storage.RelationalConnection.OpenInternalAsync(Boolean errorsExpected, CancellationToken cancellationToken)
   at Microsoft.EntityFrameworkCore.Storage.RelationalConnection.OpenInternalAsync(Boolean errorsExpected, CancellationToken cancellationToken)
   at Microsoft.EntityFrameworkCore.Storage.RelationalConnection.OpenAsync(CancellationToken cancellationToken, Boolean errorsExpected)
   at Oracle.EntityFrameworkCore.Storage.Internal.OracleRelationalCommandBuilderFactory.OracleRelationalCommandBuilder.OracleRelationalCommand.ExecuteReaderAsync(RelationalCommandParameterObject parameterObject, CancellationToken cancellationToken)
   at Microsoft.EntityFrameworkCore.Query.Internal.SingleQueryingEnumerable`1.AsyncEnumerator.InitializeReaderAsync(AsyncEnumerator enumerator, CancellationToken cancellationToken)
   at Oracle.EntityFrameworkCore.Storage.Internal.OracleExecutionStrategy.ExecuteAsync[TState,TResult](TState state, Func`4 operation, Func`4 verifySucceeded, CancellationToken cancellationToken)
   at Microsoft.EntityFrameworkCore.Query.Internal.SingleQueryingEnumerable`1.AsyncEnumerator.MoveNextAsync()
   at Microsoft.EntityFrameworkCore.Query.ShapedQueryCompilingExpressionVisitor.SingleOrDefaultAsync[TSource](IAsyncEnumerable`1 asyncEnumerable, CancellationToken cancellationToken)
   at Microsoft.EntityFrameworkCore.Query.ShapedQueryCompilingExpressionVisitor.SingleOrDefaultAsync[TSource](IAsyncEnumerable`1 asyncEnumerable, CancellationToken cancellationToken)
   at Microsoft.AspNetCore.Identity.UserManager`1.FindByNameAsync(String userName)
   at Microsoft.AspNetCore.Identity.SignInManager`1.PasswordSignInAsync(String userName, String password, Boolean isPersistent, Boolean lockoutOnFailure)
   at HelpdeskSystem.Web.Controllers.AccountController.LoginPost(String email, String password, Boolean rememberMe, String returnUrl) in C:\Users\kule9\OneDrive\Desktop\HelpdeskSystem\src\HelpdeskSystem.Web\Controllers\AccountController.cs:line 32
   at Microsoft.AspNetCore.Mvc.Infrastructure.ActionMethodExecutor.TaskOfIActionResultExecutor.Execute(ActionContext actionContext, IActionResultTypeMapper mapper, ObjectMethodExecutor executor, Object controller, Object[] arguments)
   at Microsoft.AspNetCore.Mvc.Infrastructure.ControllerActionInvoker.<InvokeActionMethodAsync>g__Awaited|12_0(ControllerActionInvoker invoker, ValueTask`1 actionResultValueTask)
   at Microsoft.AspNetCore.Mvc.Infrastructure.ControllerActionInvoker.<InvokeNextActionFilterAsync>g__Awaited|10_0(ControllerActionInvoker invoker, Task lastTask, State next, Scope scope, Object state, Boolean isCompleted)
   at Microsoft.AspNetCore.Mvc.Infrastructure.ControllerActionInvoker.Rethrow(ActionExecutedContextSealed context)
   at Microsoft.AspNetCore.Mvc.Infrastructure.ControllerActionInvoker.Next(State& next, Scope& scope, Object& state, Boolean& isCompleted)
   at Microsoft.AspNetCore.Mvc.Infrastructure.ControllerActionInvoker.InvokeInnerFilterAsync()
--- End of stack trace from previous location ---
   at Microsoft.AspNetCore.Mvc.Infrastructure.ResourceInvoker.<InvokeFilterPipelineAsync>g__Awaited|20_0(ResourceInvoker invoker, Task lastTask, State next, Scope scope, Object state, Boolean isCompleted)
   at Microsoft.AspNetCore.Mvc.Infrastructure.ResourceInvoker.<InvokeAsync>g__Awaited|17_0(ResourceInvoker invoker, Task task, IDisposable scope)
   at Microsoft.AspNetCore.Mvc.Infrastructure.ResourceInvoker.<InvokeAsync>g__Awaited|17_0(ResourceInvoker invoker, Task task, IDisposable scope)
   at Microsoft.AspNetCore.Authorization.AuthorizationMiddleware.Invoke(HttpContext context)
   at Microsoft.AspNetCore.Authentication.AuthenticationMiddleware.Invoke(HttpContext context)
   at Microsoft.AspNetCore.Diagnostics.DeveloperExceptionPageMiddlewareImpl.Invoke(HttpContext context)
2026-01-31 05:54:51.331 +02:00 [ERR] 2026-01-31 05:54:51.322599 ThreadID:1   (ERROR)   OracleDatabaseCreator.ExistsAsync() :  OracleException.Number: 28000
2026-01-31 05:54:51.392 +02:00 [ERR] An error occurred while migrating or seeding the database
Oracle.ManagedDataAccess.Client.OracleException (0x80004005): ORA-28000: The account is locked.
   at OracleInternal.ConnectionPool.PoolManager`3.Get(ConnectionString csWithDiffOrNewPwd, Boolean bGetForApp, OracleConnection connRefForCriteria, String affinityInstanceName, Boolean bForceMatch)
   at OracleInternal.ConnectionPool.OraclePoolManager.Get(ConnectionString csWithNewPassword, Boolean bGetForApp, OracleConnection connRefForCriteria, String affinityInstanceName, Boolean bForceMatch)
   at OracleInternal.ConnectionPool.OracleConnectionDispenser`3.Get(ConnectionString cs, PM conPM, ConnectionString pmCS, SecureString securedPassword, SecureString securedProxyPassword, OracleConnection connRefForCriteria)
   at Oracle.ManagedDataAccess.Client.OracleConnection.Open()
   at System.Data.Common.DbConnection.OpenAsync(CancellationToken cancellationToken)
--- End of stack trace from previous location ---
   at Microsoft.EntityFrameworkCore.Storage.RelationalConnection.OpenInternalAsync(Boolean errorsExpected, CancellationToken cancellationToken)
   at Microsoft.EntityFrameworkCore.Storage.RelationalConnection.OpenInternalAsync(Boolean errorsExpected, CancellationToken cancellationToken)
   at Microsoft.EntityFrameworkCore.Storage.RelationalConnection.OpenAsync(CancellationToken cancellationToken, Boolean errorsExpected)
   at Oracle.EntityFrameworkCore.Storage.Internal.OracleDatabaseCreator.ExistsAsync(CancellationToken cancellationToken)
   at Microsoft.EntityFrameworkCore.Migrations.HistoryRepository.ExistsAsync(CancellationToken cancellationToken)
   at Microsoft.EntityFrameworkCore.Migrations.Internal.Migrator.MigrateAsync(String targetMigration, CancellationToken cancellationToken)
   at Program.<Main>$(String[] args) in C:\Users\kule9\OneDrive\Desktop\HelpdeskSystem\src\HelpdeskSystem.Web\Program.cs:line 119
2026-01-31 05:54:51.425 +02:00 [INF] Helpdesk System starting up...
2026-01-31 05:54:51.669 +02:00 [WRN] The ASP.NET Core developer certificate is not trusted. For information about trusting the ASP.NET Core developer certificate, see https://aka.ms/aspnet/https-trust-dev-cert.
2026-01-31 13:50:21.371 +02:00 [ERR] 2026-01-31 13:50:21.317231 ThreadID:1   (ERROR)   OracleDatabaseCreator.ExistsAsync() :  OracleException.Number: 1017
2026-01-31 13:50:25.233 +02:00 [ERR] 2026-01-31 13:50:25.232192 ThreadID:1   (ERROR)   OracleDatabaseCreator.ExistsAsync() :  OracleException.Number: 1017
2026-01-31 13:50:25.245 +02:00 [ERR] 2026-01-31 13:50:25.245339 ThreadID:1   (ERROR)   OracleDatabaseCreator.CreateAsync() :  Required user does not exists or invalid username/password provided
2026-01-31 13:50:25.254 +02:00 [ERR] An error occurred while migrating or seeding the database
System.NotSupportedException: Required user does not exists or invalid username/password provided
   at Oracle.EntityFrameworkCore.Storage.Internal.OracleDatabaseCreator.CreateAsync(CancellationToken cancellationToken)
   at Microsoft.EntityFrameworkCore.Migrations.Internal.Migrator.MigrateAsync(String targetMigration, CancellationToken cancellationToken)
   at Program.<Main>$(String[] args) in C:\Users\kule9\OneDrive\Desktop\HelpdeskSystem\src\HelpdeskSystem.Web\Program.cs:line 119
2026-01-31 13:50:25.331 +02:00 [INF] Helpdesk System starting up...
2026-01-31 13:50:26.001 +02:00 [WRN] The ASP.NET Core developer certificate is not trusted. For information about trusting the ASP.NET Core developer certificate, see https://aka.ms/aspnet/https-trust-dev-cert.
